#
# There is insufficient memory for the Java Runtime Environment to continue.
# Native memory allocation (mmap) failed to map 65536 bytes for Failed to commit metaspace.
# Possible reasons:
#   The system is out of physical RAM or swap space
#   The process is running with CompressedOops enabled, and the Java Heap may be blocking the growth of the native heap
# Possible solutions:
#   Reduce memory load on the system
#   Increase physical memory or swap space
#   Check if swap backing store is full
#   Decrease Java heap size (-Xmx/-Xms)
#   Decrease number of Java threads
#   Decrease Java thread stack sizes (-Xss)
#   Set larger code cache with -XX:ReservedCodeCacheSize=
#   JVM is running with Unscaled Compressed Oops mode in which the Java heap is
#     placed in the first 4GB address space. The Java Heap base address is the
#     maximum limit for the native heap growth. Please use -XX:HeapBaseMinAddress
#     to set the Java Heap base and to place the Java Heap above 4GB virtual address.
# This output file may be truncated or incomplete.
#
#  Out of Memory Error (virtualSpaceNode.cpp:110), pid=8360, tid=3492
#
# JRE version: Java(TM) SE Runtime Environment (17.0.2+8) (build 17.0.2+8-LTS-86)
# Java VM: Java HotSpot(TM) 64-Bit Server VM (17.0.2+8-LTS-86, mixed mode, sharing, tiered, compressed oops, compressed class ptrs, g1 gc, windows-amd64)
# No core dump will be written. Minidumps are not enabled by default on client versions of Windows
#

---------------  S U M M A R Y ------------

Command Line: --add-modules=ALL-DEFAULT jdk.compiler/com.sun.tools.javac.launcher.Main .\Main.java

Host: Intel(R) Celeron(R) N4500 @ 1.10GHz, 2 cores, 3G,  Windows 11 , 64 bit Build 22000 (10.0.22000.434)
Time: Sat Feb 12 14:28:24 2022 W. Europe Standard Time elapsed time: 0.587767 seconds (0d 0h 0m 0s)

---------------  T H R E A D  ---------------

Current thread (0x0000025adbe8bc60):  JavaThread "main" [_thread_in_vm, id=3492, stack(0x000000cd09d00000,0x000000cd09e00000)]

Stack: [0x000000cd09d00000,0x000000cd09e00000]
Native frames: (J=compiled Java code, j=interpreted, Vv=VM code, C=native code)
V  [jvm.dll+0x670baa]
V  [jvm.dll+0x7cfcb4]
V  [jvm.dll+0x7d145e]
V  [jvm.dll+0x7d1ac3]
V  [jvm.dll+0x242bc5]
V  [jvm.dll+0x7cbc5b]
V  [jvm.dll+0x616966]
V  [jvm.dll+0x1be3ee]
V  [jvm.dll+0x6192a1]
V  [jvm.dll+0x617306]
V  [jvm.dll+0x23718f]
V  [jvm.dll+0x621015]
V  [jvm.dll+0x1e7e2b]
V  [jvm.dll+0x1e8365]
V  [jvm.dll+0x1e8d9f]
V  [jvm.dll+0x1de251]
V  [jvm.dll+0x537c30]
V  [jvm.dll+0x74ad28]
V  [jvm.dll+0x74ae14]
V  [jvm.dll+0x408cc5]
V  [jvm.dll+0x40ed18]
C  [java.dll+0x1971]

Java frames: (J=compiled Java code, j=interpreted, Vv=VM code)
j  java.lang.ClassLoader.defineClass2(Ljava/lang/ClassLoader;Ljava/lang/String;Ljava/nio/ByteBuffer;IILjava/security/ProtectionDomain;Ljava/lang/String;)Ljava/lang/Class;+0 java.base@17.0.2
j  java.lang.ClassLoader.defineClass(Ljava/lang/String;Ljava/nio/ByteBuffer;Ljava/security/ProtectionDomain;)Ljava/lang/Class;+93 java.base@17.0.2
j  java.security.SecureClassLoader.defineClass(Ljava/lang/String;Ljava/nio/ByteBuffer;Ljava/security/CodeSource;)Ljava/lang/Class;+8 java.base@17.0.2
J 427 c1 jdk.internal.loader.BuiltinClassLoader.defineClass(Ljava/lang/String;Ljdk/internal/loader/BuiltinClassLoader$LoadedModule;)Ljava/lang/Class; java.base@17.0.2 (162 bytes) @ 0x0000025ae54dfe34 [0x0000025ae54de860+0x00000000000015d4]
J 307 c1 jdk.internal.loader.BuiltinClassLoader.loadClassOrNull(Ljava/lang/String;Z)Ljava/lang/Class; java.base@17.0.2 (143 bytes) @ 0x0000025ae54a92b4 [0x0000025ae54a8cc0+0x00000000000005f4]
J 314 c1 jdk.internal.loader.ClassLoaders$AppClassLoader.loadClass(Ljava/lang/String;Z)Ljava/lang/Class; java.base@17.0.2 (40 bytes) @ 0x0000025ae54adf04 [0x0000025ae54ad8e0+0x0000000000000624]
J 310 c1 java.lang.ClassLoader.loadClass(Ljava/lang/String;)Ljava/lang/Class; java.base@17.0.2 (7 bytes) @ 0x0000025ae54abe4c [0x0000025ae54abd40+0x000000000000010c]
v  ~StubRoutines::call_stub
j  com.sun.tools.javac.processing.JavacProcessingEnvironment.<init>(Lcom/sun/tools/javac/util/Context;)V+12 jdk.compiler@17.0.2
j  com.sun.tools.javac.processing.JavacProcessingEnvironment.instance(Lcom/sun/tools/javac/util/Context;)Lcom/sun/tools/javac/processing/JavacProcessingEnvironment;+19 jdk.compiler@17.0.2
j  com.sun.tools.javac.api.BasicJavacTask.initPlugins(Ljava/util/Set;)V+148 jdk.compiler@17.0.2
j  com.sun.tools.javac.api.JavacTaskImpl.prepareCompiler(Z)V+103 jdk.compiler@17.0.2
j  com.sun.tools.javac.api.JavacTaskImpl.lambda$doCall$0()Lcom/sun/tools/javac/main/Main$Result;+2 jdk.compiler@17.0.2
j  com.sun.tools.javac.api.JavacTaskImpl$$Lambda$36+0x0000000800c30000.call()Ljava/lang/Object;+4 jdk.compiler@17.0.2
j  com.sun.tools.javac.api.JavacTaskImpl.invocationHelper(Ljava/util/concurrent/Callable;)Lcom/sun/tools/javac/util/Pair;+20 jdk.compiler@17.0.2
j  com.sun.tools.javac.api.JavacTaskImpl.doCall()Lcom/sun/tools/javac/main/Main$Result;+7 jdk.compiler@17.0.2
j  com.sun.tools.javac.api.JavacTaskImpl.call()Ljava/lang/Boolean;+1 jdk.compiler@17.0.2
j  com.sun.tools.javac.launcher.Main.compile(Ljava/nio/file/Path;Ljava/util/List;Lcom/sun/tools/javac/launcher/Main$Context;)Ljava/lang/String;+95 jdk.compiler@17.0.2
j  com.sun.tools.javac.launcher.Main.run([Ljava/lang/String;[Ljava/lang/String;)V+30 jdk.compiler@17.0.2
j  com.sun.tools.javac.launcher.Main.main([Ljava/lang/String;)V+14 jdk.compiler@17.0.2
v  ~StubRoutines::call_stub

---------------  P R O C E S S  ---------------

Threads class SMR info:
_java_thread_list=0x0000025af95694e0, length=12, elements={
0x0000025adbe8bc60, 0x0000025af8a01ab0, 0x0000025af8a02920, 0x0000025af8a1a3d0,
0x0000025af8a1cda0, 0x0000025af8a1d660, 0x0000025af8a1ef30, 0x0000025af8a1fbd0,
0x0000025af8a868a0, 0x0000025af8a8e2d0, 0x0000025af9508070, 0x0000025af95c3f80
}

Java Threads: ( => current thread )
=>0x0000025adbe8bc60 JavaThread "main" [_thread_in_vm, id=3492, stack(0x000000cd09d00000,0x000000cd09e00000)]
  0x0000025af8a01ab0 JavaThread "Reference Handler" daemon [_thread_blocked, id=13000, stack(0x000000cd0a400000,0x000000cd0a500000)]
  0x0000025af8a02920 JavaThread "Finalizer" daemon [_thread_blocked, id=14356, stack(0x000000cd0a500000,0x000000cd0a600000)]
  0x0000025af8a1a3d0 JavaThread "Signal Dispatcher" daemon [_thread_blocked, id=7924, stack(0x000000cd0a600000,0x000000cd0a700000)]
  0x0000025af8a1cda0 JavaThread "Attach Listener" daemon [_thread_blocked, id=5416, stack(0x000000cd0a700000,0x000000cd0a800000)]
  0x0000025af8a1d660 JavaThread "Service Thread" daemon [_thread_blocked, id=6632, stack(0x000000cd0a800000,0x000000cd0a900000)]
  0x0000025af8a1ef30 JavaThread "Monitor Deflation Thread" daemon [_thread_blocked, id=14188, stack(0x000000cd0a900000,0x000000cd0aa00000)]
  0x0000025af8a1fbd0 JavaThread "C2 CompilerThread0" daemon [_thread_blocked, id=5348, stack(0x000000cd0aa00000,0x000000cd0ab00000)]
  0x0000025af8a868a0 JavaThread "C1 CompilerThread0" daemon [_thread_blocked, id=4028, stack(0x000000cd0ab00000,0x000000cd0ac00000)]
  0x0000025af8a8e2d0 JavaThread "Sweeper thread" daemon [_thread_blocked, id=11128, stack(0x000000cd0ac00000,0x000000cd0ad00000)]
  0x0000025af9508070 JavaThread "Common-Cleaner" daemon [_thread_blocked, id=5368, stack(0x000000cd0ad00000,0x000000cd0ae00000)]
  0x0000025af95c3f80 JavaThread "Notification Thread" daemon [_thread_blocked, id=4800, stack(0x000000cd0ae00000,0x000000cd0af00000)]

Other Threads:
  0x0000025af89fcfa0 VMThread "VM Thread" [stack: 0x000000cd0a300000,0x000000cd0a400000] [id=9756]
  0x0000025af95c4450 WatcherThread [stack: 0x000000cd0af00000,0x000000cd0b000000] [id=14296]
  0x0000025adbeb92e0 GCTaskThread "GC Thread#0" [stack: 0x000000cd09e00000,0x000000cd09f00000] [id=4036]
  0x0000025adbec1b90 ConcurrentGCThread "G1 Main Marker" [stack: 0x000000cd09f00000,0x000000cd0a000000] [id=14940]
  0x0000025adbec2d40 ConcurrentGCThread "G1 Conc#0" [stack: 0x000000cd0a000000,0x000000cd0a100000] [id=13732]
  0x0000025adbef90c0 ConcurrentGCThread "G1 Refine#0" [stack: 0x000000cd0a100000,0x000000cd0a200000] [id=112]
  0x0000025adbef9ae0 ConcurrentGCThread "G1 Service" [stack: 0x000000cd0a200000,0x000000cd0a300000] [id=9804]

Threads with active compile tasks:

VM state: not at safepoint (normal execution)

VM Mutex/Monitor currently owned by a thread:  ([mutex/lock_event])
[0x0000025adbe86910] Metaspace_lock - owner thread: 0x0000025adbe8bc60

Heap address: 0x00000000c3800000, size: 968 MB, Compressed Oops mode: 32-bit

CDS archive(s) mapped at: [0x0000000800000000-0x0000000800bc0000-0x0000000800bc0000), size 12320768, SharedBaseAddress: 0x0000000800000000, ArchiveRelocationMode: 0.
Compressed class space mapped at: 0x0000000800c00000-0x0000000840c00000, reserved size: 1073741824
Narrow klass base: 0x0000000800000000, Narrow klass shift: 0, Narrow klass range: 0x100000000

GC Precious Log:
 CPUs: 2 total, 2 available
 Memory: 3871M
 Large Page Support: Disabled
 NUMA Support: Disabled
 Compressed Oops: Enabled (32-bit)
 Heap Region Size: 1M
 Heap Min Capacity: 8M
 Heap Initial Capacity: 62M
 Heap Max Capacity: 968M
 Pre-touch: Disabled
 Parallel Workers: 2
 Concurrent Workers: 1
 Concurrent Refinement Workers: 2
 Periodic GC: Disabled

Heap:
 garbage-first heap   total 63488K, used 2048K [0x00000000c3800000, 0x0000000100000000)
  region size 1024K, 3 young (3072K), 0 survivors (0K)
 Metaspace       used 2410K, committed 2560K, reserved 1056768K
  class space    used 289K, committed 384K, reserved 1048576K

Heap Regions: E=young(eden), S=young(survivor), O=old, HS=humongous(starts), HC=humongous(continues), CS=collection set, F=free, OA=open archive, CA=closed archive, TAMS=top-at-mark-start (previous, next)
|   0|0x00000000c3800000, 0x00000000c3800000, 0x00000000c3900000|  0%| F|  |TAMS 0x00000000c3800000, 0x00000000c3800000| Untracked 
|   1|0x00000000c3900000, 0x00000000c3900000, 0x00000000c3a00000|  0%| F|  |TAMS 0x00000000c3900000, 0x00000000c3900000| Untracked 
|   2|0x00000000c3a00000, 0x00000000c3a00000, 0x00000000c3b00000|  0%| F|  |TAMS 0x00000000c3a00000, 0x00000000c3a00000| Untracked 
|   3|0x00000000c3b00000, 0x00000000c3b00000, 0x00000000c3c00000|  0%| F|  |TAMS 0x00000000c3b00000, 0x00000000c3b00000| Untracked 
|   4|0x00000000c3c00000, 0x00000000c3c00000, 0x00000000c3d00000|  0%| F|  |TAMS 0x00000000c3c00000, 0x00000000c3c00000| Untracked 
|   5|0x00000000c3d00000, 0x00000000c3d00000, 0x00000000c3e00000|  0%| F|  |TAMS 0x00000000c3d00000, 0x00000000c3d00000| Untracked 
|   6|0x00000000c3e00000, 0x00000000c3e00000, 0x00000000c3f00000|  0%| F|  |TAMS 0x00000000c3e00000, 0x00000000c3e00000| Untracked 
|   7|0x00000000c3f00000, 0x00000000c3f00000, 0x00000000c4000000|  0%| F|  |TAMS 0x00000000c3f00000, 0x00000000c3f00000| Untracked 
|   8|0x00000000c4000000, 0x00000000c4000000, 0x00000000c4100000|  0%| F|  |TAMS 0x00000000c4000000, 0x00000000c4000000| Untracked 
|   9|0x00000000c4100000, 0x00000000c4100000, 0x00000000c4200000|  0%| F|  |TAMS 0x00000000c4100000, 0x00000000c4100000| Untracked 
|  10|0x00000000c4200000, 0x00000000c4200000, 0x00000000c4300000|  0%| F|  |TAMS 0x00000000c4200000, 0x00000000c4200000| Untracked 
|  11|0x00000000c4300000, 0x00000000c4300000, 0x00000000c4400000|  0%| F|  |TAMS 0x00000000c4300000, 0x00000000c4300000| Untracked 
|  12|0x00000000c4400000, 0x00000000c4400000, 0x00000000c4500000|  0%| F|  |TAMS 0x00000000c4400000, 0x00000000c4400000| Untracked 
|  13|0x00000000c4500000, 0x00000000c4500000, 0x00000000c4600000|  0%| F|  |TAMS 0x00000000c4500000, 0x00000000c4500000| Untracked 
|  14|0x00000000c4600000, 0x00000000c4600000, 0x00000000c4700000|  0%| F|  |TAMS 0x00000000c4600000, 0x00000000c4600000| Untracked 
|  15|0x00000000c4700000, 0x00000000c4700000, 0x00000000c4800000|  0%| F|  |TAMS 0x00000000c4700000, 0x00000000c4700000| Untracked 
|  16|0x00000000c4800000, 0x00000000c4800000, 0x00000000c4900000|  0%| F|  |TAMS 0x00000000c4800000, 0x00000000c4800000| Untracked 
|  17|0x00000000c4900000, 0x00000000c4900000, 0x00000000c4a00000|  0%| F|  |TAMS 0x00000000c4900000, 0x00000000c4900000| Untracked 
|  18|0x00000000c4a00000, 0x00000000c4a00000, 0x00000000c4b00000|  0%| F|  |TAMS 0x00000000c4a00000, 0x00000000c4a00000| Untracked 
|  19|0x00000000c4b00000, 0x00000000c4b00000, 0x00000000c4c00000|  0%| F|  |TAMS 0x00000000c4b00000, 0x00000000c4b00000| Untracked 
|  20|0x00000000c4c00000, 0x00000000c4c00000, 0x00000000c4d00000|  0%| F|  |TAMS 0x00000000c4c00000, 0x00000000c4c00000| Untracked 
|  21|0x00000000c4d00000, 0x00000000c4d00000, 0x00000000c4e00000|  0%| F|  |TAMS 0x00000000c4d00000, 0x00000000c4d00000| Untracked 
|  22|0x00000000c4e00000, 0x00000000c4e00000, 0x00000000c4f00000|  0%| F|  |TAMS 0x00000000c4e00000, 0x00000000c4e00000| Untracked 
|  23|0x00000000c4f00000, 0x00000000c4f00000, 0x00000000c5000000|  0%| F|  |TAMS 0x00000000c4f00000, 0x00000000c4f00000| Untracked 
|  24|0x00000000c5000000, 0x00000000c5000000, 0x00000000c5100000|  0%| F|  |TAMS 0x00000000c5000000, 0x00000000c5000000| Untracked 
|  25|0x00000000c5100000, 0x00000000c5100000, 0x00000000c5200000|  0%| F|  |TAMS 0x00000000c5100000, 0x00000000c5100000| Untracked 
|  26|0x00000000c5200000, 0x00000000c5200000, 0x00000000c5300000|  0%| F|  |TAMS 0x00000000c5200000, 0x00000000c5200000| Untracked 
|  27|0x00000000c5300000, 0x00000000c5300000, 0x00000000c5400000|  0%| F|  |TAMS 0x00000000c5300000, 0x00000000c5300000| Untracked 
|  28|0x00000000c5400000, 0x00000000c5400000, 0x00000000c5500000|  0%| F|  |TAMS 0x00000000c5400000, 0x00000000c5400000| Untracked 
|  29|0x00000000c5500000, 0x00000000c5500000, 0x00000000c5600000|  0%| F|  |TAMS 0x00000000c5500000, 0x00000000c5500000| Untracked 
|  30|0x00000000c5600000, 0x00000000c5600000, 0x00000000c5700000|  0%| F|  |TAMS 0x00000000c5600000, 0x00000000c5600000| Untracked 
|  31|0x00000000c5700000, 0x00000000c5700000, 0x00000000c5800000|  0%| F|  |TAMS 0x00000000c5700000, 0x00000000c5700000| Untracked 
|  32|0x00000000c5800000, 0x00000000c5800000, 0x00000000c5900000|  0%| F|  |TAMS 0x00000000c5800000, 0x00000000c5800000| Untracked 
|  33|0x00000000c5900000, 0x00000000c5900000, 0x00000000c5a00000|  0%| F|  |TAMS 0x00000000c5900000, 0x00000000c5900000| Untracked 
|  34|0x00000000c5a00000, 0x00000000c5a00000, 0x00000000c5b00000|  0%| F|  |TAMS 0x00000000c5a00000, 0x00000000c5a00000| Untracked 
|  35|0x00000000c5b00000, 0x00000000c5b00000, 0x00000000c5c00000|  0%| F|  |TAMS 0x00000000c5b00000, 0x00000000c5b00000| Untracked 
|  36|0x00000000c5c00000, 0x00000000c5c00000, 0x00000000c5d00000|  0%| F|  |TAMS 0x00000000c5c00000, 0x00000000c5c00000| Untracked 
|  37|0x00000000c5d00000, 0x00000000c5d00000, 0x00000000c5e00000|  0%| F|  |TAMS 0x00000000c5d00000, 0x00000000c5d00000| Untracked 
|  38|0x00000000c5e00000, 0x00000000c5e00000, 0x00000000c5f00000|  0%| F|  |TAMS 0x00000000c5e00000, 0x00000000c5e00000| Untracked 
|  39|0x00000000c5f00000, 0x00000000c5f00000, 0x00000000c6000000|  0%| F|  |TAMS 0x00000000c5f00000, 0x00000000c5f00000| Untracked 
|  40|0x00000000c6000000, 0x00000000c6000000, 0x00000000c6100000|  0%| F|  |TAMS 0x00000000c6000000, 0x00000000c6000000| Untracked 
|  41|0x00000000c6100000, 0x00000000c6100000, 0x00000000c6200000|  0%| F|  |TAMS 0x00000000c6100000, 0x00000000c6100000| Untracked 
|  42|0x00000000c6200000, 0x00000000c6200000, 0x00000000c6300000|  0%| F|  |TAMS 0x00000000c6200000, 0x00000000c6200000| Untracked 
|  43|0x00000000c6300000, 0x00000000c6300000, 0x00000000c6400000|  0%| F|  |TAMS 0x00000000c6300000, 0x00000000c6300000| Untracked 
|  44|0x00000000c6400000, 0x00000000c6400000, 0x00000000c6500000|  0%| F|  |TAMS 0x00000000c6400000, 0x00000000c6400000| Untracked 
|  45|0x00000000c6500000, 0x00000000c6500000, 0x00000000c6600000|  0%| F|  |TAMS 0x00000000c6500000, 0x00000000c6500000| Untracked 
|  46|0x00000000c6600000, 0x00000000c6600000, 0x00000000c6700000|  0%| F|  |TAMS 0x00000000c6600000, 0x00000000c6600000| Untracked 
|  47|0x00000000c6700000, 0x00000000c6700000, 0x00000000c6800000|  0%| F|  |TAMS 0x00000000c6700000, 0x00000000c6700000| Untracked 
|  48|0x00000000c6800000, 0x00000000c6800000, 0x00000000c6900000|  0%| F|  |TAMS 0x00000000c6800000, 0x00000000c6800000| Untracked 
|  49|0x00000000c6900000, 0x00000000c6900000, 0x00000000c6a00000|  0%| F|  |TAMS 0x00000000c6900000, 0x00000000c6900000| Untracked 
|  50|0x00000000c6a00000, 0x00000000c6a00000, 0x00000000c6b00000|  0%| F|  |TAMS 0x00000000c6a00000, 0x00000000c6a00000| Untracked 
|  51|0x00000000c6b00000, 0x00000000c6b00000, 0x00000000c6c00000|  0%| F|  |TAMS 0x00000000c6b00000, 0x00000000c6b00000| Untracked 
|  52|0x00000000c6c00000, 0x00000000c6c00000, 0x00000000c6d00000|  0%| F|  |TAMS 0x00000000c6c00000, 0x00000000c6c00000| Untracked 
|  53|0x00000000c6d00000, 0x00000000c6d00000, 0x00000000c6e00000|  0%| F|  |TAMS 0x00000000c6d00000, 0x00000000c6d00000| Untracked 
|  54|0x00000000c6e00000, 0x00000000c6e00000, 0x00000000c6f00000|  0%| F|  |TAMS 0x00000000c6e00000, 0x00000000c6e00000| Untracked 
|  55|0x00000000c6f00000, 0x00000000c6f00000, 0x00000000c7000000|  0%| F|  |TAMS 0x00000000c6f00000, 0x00000000c6f00000| Untracked 
|  56|0x00000000c7000000, 0x00000000c7000000, 0x00000000c7100000|  0%| F|  |TAMS 0x00000000c7000000, 0x00000000c7000000| Untracked 
|  57|0x00000000c7100000, 0x00000000c7100000, 0x00000000c7200000|  0%| F|  |TAMS 0x00000000c7100000, 0x00000000c7100000| Untracked 
|  58|0x00000000c7200000, 0x00000000c7200000, 0x00000000c7300000|  0%| F|  |TAMS 0x00000000c7200000, 0x00000000c7200000| Untracked 
|  59|0x00000000c7300000, 0x00000000c73d9a28, 0x00000000c7400000| 85%| E|  |TAMS 0x00000000c7300000, 0x00000000c7300000| Complete 
|  60|0x00000000c7400000, 0x00000000c7500000, 0x00000000c7500000|100%| E|CS|TAMS 0x00000000c7400000, 0x00000000c7400000| Complete 
|  61|0x00000000c7500000, 0x00000000c7600000, 0x00000000c7600000|100%| E|CS|TAMS 0x00000000c7500000, 0x00000000c7500000| Complete 

Card table byte_map: [0x0000025af44b0000,0x0000025af46a0000] _byte_map_base: 0x0000025af3e94000

Marking Bits (Prev, Next): (CMBitMap*) 0x0000025adbeb98f0, (CMBitMap*) 0x0000025adbeb9930
 Prev Bits: [0x0000025af4890000, 0x0000025af57b0000)
 Next Bits: [0x0000025af57b0000, 0x0000025af66d0000)

Polling page: 0x0000025adbc90000

Metaspace:

Usage:
  Non-class:      2.07 MB used.
      Class:    289.40 KB used.
       Both:      2.35 MB used.

Virtual space:
  Non-class space:        8.00 MB reserved,       2.12 MB ( 27%) committed,  1 nodes.
      Class space:        1.00 GB reserved,     384.00 KB ( <1%) committed,  1 nodes.
             Both:        1.01 GB reserved,       2.50 MB ( <1%) committed. 

Chunk freelists:
   Non-Class:  2.67 MB
       Class:  3.52 MB
        Both:  6.19 MB

MaxMetaspaceSize: unlimited
CompressedClassSpaceSize: 1.00 GB
Initial GC threshold: 21.00 MB
Current GC threshold: 21.00 MB
CDS: on
MetaspaceReclaimPolicy: balanced
 - commit_granule_bytes: 65536.
 - commit_granule_words: 8192.
 - virtual_space_node_default_size: 1048576.
 - enlarge_chunks_in_place: 1.
 - new_chunks_are_fully_committed: 0.
 - uncommit_free_chunks: 1.
 - use_allocation_guard: 0.
 - handle_deallocations: 1.


Internal statistics:

num_allocs_failed_limit: 0.
num_arena_births: 36.
num_arena_deaths: 0.
num_vsnodes_births: 2.
num_vsnodes_deaths: 0.
num_space_committed: 40.
num_space_uncommitted: 0.
num_chunks_returned_to_freelist: 0.
num_chunks_taken_from_freelist: 117.
num_chunk_merges: 0.
num_chunk_splits: 76.
num_chunks_enlarged: 53.
num_purges: 0.
num_inconsistent_stats: 0.

CodeHeap 'non-profiled nmethods': size=120064Kb used=132Kb max_used=132Kb free=119932Kb
 bounds [0x0000025aec980000, 0x0000025aecbf0000, 0x0000025af3ec0000]
CodeHeap 'profiled nmethods': size=120000Kb used=597Kb max_used=597Kb free=119403Kb
 bounds [0x0000025ae5450000, 0x0000025ae56c0000, 0x0000025aec980000]
CodeHeap 'non-nmethods': size=5696Kb used=1113Kb max_used=1128Kb free=4582Kb
 bounds [0x0000025ae4ec0000, 0x0000025ae5130000, 0x0000025ae5450000]
 total_blobs=831 nmethods=435 adapters=310
 compilation: enabled
              stopped_count=0, restarted_count=0
 full_count=0

Compilation events (20 events):
Event: 0.572 Thread 0x0000025af8a868a0 nmethod 425 0x0000025ae54ddc90 code [0x0000025ae54dde60, 0x0000025ae54de298]
Event: 0.572 Thread 0x0000025af8a868a0  427   !   3       jdk.internal.loader.BuiltinClassLoader::defineClass (162 bytes)
Event: 0.574 Thread 0x0000025af8a868a0 nmethod 427 0x0000025ae54de410 code [0x0000025ae54de860, 0x0000025ae54e07f8]
Event: 0.574 Thread 0x0000025af8a868a0  426       3       java.nio.MappedByteBuffer::<init> (24 bytes)
Event: 0.574 Thread 0x0000025af8a868a0 nmethod 426 0x0000025ae54e1790 code [0x0000025ae54e1940, 0x0000025ae54e1ae8]
Event: 0.574 Thread 0x0000025af8a868a0  428       3       java.nio.DirectByteBufferR::slice (5 bytes)
Event: 0.574 Thread 0x0000025af8a868a0 nmethod 428 0x0000025ae54e1b90 code [0x0000025ae54e1d40, 0x0000025ae54e1e88]
Event: 0.574 Thread 0x0000025af8a868a0  429       3       java.nio.DirectByteBufferR::slice (74 bytes)
Event: 0.574 Thread 0x0000025af8a868a0 nmethod 429 0x0000025ae54e1f10 code [0x0000025ae54e20c0, 0x0000025ae54e2388]
Event: 0.574 Thread 0x0000025af8a868a0  430       3       java.nio.ByteBuffer::order (48 bytes)
Event: 0.575 Thread 0x0000025af8a868a0 nmethod 430 0x0000025ae54e2490 code [0x0000025ae54e2640, 0x0000025ae54e2878]
Event: 0.575 Thread 0x0000025af8a868a0  431       3       java.nio.Buffer::remaining (20 bytes)
Event: 0.575 Thread 0x0000025af8a868a0 nmethod 431 0x0000025ae54e2910 code [0x0000025ae54e2aa0, 0x0000025ae54e2c38]
Event: 0.575 Thread 0x0000025af8a868a0  432       3       sun.net.util.URLUtil::urlNoFragString (114 bytes)
Event: 0.576 Thread 0x0000025af8a868a0 nmethod 432 0x0000025ae54e2d10 code [0x0000025ae54e3040, 0x0000025ae54e4088]
Event: 0.576 Thread 0x0000025af8a868a0  433       3       java.net.URL::getDefaultPort (8 bytes)
Event: 0.576 Thread 0x0000025af8a868a0 nmethod 433 0x0000025ae54e4610 code [0x0000025ae54e47a0, 0x0000025ae54e4998]
Event: 0.576 Thread 0x0000025af8a868a0  434       3       jdk.internal.jimage.ImageLocation::<init> (27 bytes)
Event: 0.576 Thread 0x0000025af8a1fbd0  435 %     4       java.lang.StringLatin1::indexOfChar @ 7 (33 bytes)
Event: 0.576 Thread 0x0000025af8a868a0 nmethod 434 0x0000025ae54e4a90 code [0x0000025ae54e4c80, 0x0000025ae54e5278]

GC Heap History (0 events):
No events

Deoptimization events (4 events):
Event: 0.197 Thread 0x0000025adbe8bc60 Uncommon trap: trap_request=0xffffff45 fr.pc=0x0000025aec98b160 relative=0x0000000000000680
Event: 0.197 Thread 0x0000025adbe8bc60 Uncommon trap: reason=unstable_if action=reinterpret pc=0x0000025aec98b160 method=java.util.HashMap.putVal(ILjava/lang/Object;Ljava/lang/Object;ZZ)Ljava/lang/Object; @ 69 c2
Event: 0.197 Thread 0x0000025adbe8bc60 DEOPT PACKING pc=0x0000025aec98b160 sp=0x000000cd09dfed60
Event: 0.197 Thread 0x0000025adbe8bc60 DEOPT UNPACKING pc=0x0000025ae4f1239d sp=0x000000cd09dfed00 mode 2

Classes unloaded (0 events):
No events

Classes redefined (0 events):
No events

Internal exceptions (4 events):
Event: 0.456 Thread 0x0000025adbe8bc60 Exception <a 'java/lang/NoSuchMethodError'{0x00000000c7325f60}: 'void java.lang.invoke.DirectMethodHandle$Holder.invokeSpecial(java.lang.Object, java.lang.Object, java.lang.Object)'> (0x00000000c7325f60) 
thrown [t:\workspace\open\src\hotspot\share\interpreter\linkResolver.cpp, line 766]
Event: 0.509 Thread 0x0000025adbe8bc60 Exception <a 'java/lang/NoSuchMethodError'{0x00000000c73685f0}: 'void java.lang.invoke.DirectMethodHandle$Holder.invokeStatic(java.lang.Object, java.lang.Object)'> (0x00000000c73685f0) 
thrown [t:\workspace\open\src\hotspot\share\interpreter\linkResolver.cpp, line 766]
Event: 0.517 Thread 0x0000025adbe8bc60 Exception <a 'java/lang/NoSuchMethodError'{0x00000000c737b110}: 'int java.lang.invoke.DirectMethodHandle$Holder.invokeVirtual(java.lang.Object, java.lang.Object, java.lang.Object)'> (0x00000000c737b110) 
thrown [t:\workspace\open\src\hotspot\share\interpreter\linkResolver.cpp, line 766]
Event: 0.520 Thread 0x0000025adbe8bc60 Exception <a 'java/lang/NoSuchMethodError'{0x00000000c7381ca0}: 'void java.lang.invoke.DirectMethodHandle$Holder.invokeInterface(java.lang.Object, java.lang.Object, java.lang.Object)'> (0x00000000c7381ca0) 
thrown [t:\workspace\open\src\hotspot\share\interpreter\linkResolver.cpp, line 766]

VM Operations (4 events):
Event: 0.149 Executing VM operation: HandshakeAllThreads
Event: 0.149 Executing VM operation: HandshakeAllThreads done
Event: 0.567 Executing VM operation: HandshakeAllThreads
Event: 0.567 Executing VM operation: HandshakeAllThreads done

Events (20 events):
Event: 0.406 loading class java/security/SecurityPermission
Event: 0.406 loading class java/security/SecurityPermission done
Event: 0.406 loading class java/net/SocketPermission
Event: 0.406 loading class java/net/SocketPermission done
Event: 0.415 loading class java/util/ResourceBundle$BundleReference
Event: 0.415 loading class java/util/ResourceBundle$BundleReference done
Event: 0.471 loading class java/util/AbstractQueue
Event: 0.471 loading class java/util/AbstractQueue done
Event: 0.474 loading class java/util/ServiceLoader$ProviderSpliterator
Event: 0.474 loading class java/util/ServiceLoader$ProviderSpliterator done
Event: 0.492 loading class java/util/LinkedHashMap$LinkedKeySet
Event: 0.492 loading class java/util/LinkedHashMap$LinkedKeySet done
Event: 0.492 loading class java/util/LinkedHashMap$LinkedKeyIterator
Event: 0.492 loading class java/util/LinkedHashMap$LinkedKeyIterator done
Event: 0.503 loading class java/lang/NoSuchFieldError
Event: 0.503 loading class java/lang/NoSuchFieldError done
Event: 0.505 loading class java/util/concurrent/atomic/AtomicBoolean
Event: 0.505 loading class java/util/concurrent/atomic/AtomicBoolean done
Event: 0.566 loading class java/io/StringWriter
Event: 0.566 loading class java/io/StringWriter done


Dynamic libraries:
0x00007ff61fd30000 - 0x00007ff61fd40000 	C:\Java\jdk-17.0.2\bin\java.exe
0x00007fffe9940000 - 0x00007fffe9b49000 	C:\Windows\SYSTEM32\ntdll.dll
0x00007fffe94f0000 - 0x00007fffe95ad000 	C:\Windows\System32\KERNEL32.DLL
0x00007fffe72b0000 - 0x00007fffe7624000 	C:\Windows\System32\KERNELBASE.dll
0x00007fffe7160000 - 0x00007fffe7271000 	C:\Windows\System32\ucrtbase.dll
0x00007fffca250000 - 0x00007fffca268000 	C:\Java\jdk-17.0.2\bin\jli.dll
0x00007fffe9850000 - 0x00007fffe98fe000 	C:\Windows\System32\ADVAPI32.dll
0x00007fffca230000 - 0x00007fffca24a000 	C:\Java\jdk-17.0.2\bin\VCRUNTIME140.dll
0x00007fffe97a0000 - 0x00007fffe9843000 	C:\Windows\System32\msvcrt.dll
0x00007fffe8590000 - 0x00007fffe862e000 	C:\Windows\System32\sechost.dll
0x00007fffe7f80000 - 0x00007fffe80a0000 	C:\Windows\System32\RPCRT4.dll
0x00007fffe7be0000 - 0x00007fffe7d8c000 	C:\Windows\System32\USER32.dll
0x00007fffe7280000 - 0x00007fffe72a6000 	C:\Windows\System32\win32u.dll
0x00007fffe86f0000 - 0x00007fffe8719000 	C:\Windows\System32\GDI32.dll
0x00007fffe6ed0000 - 0x00007fffe6fe2000 	C:\Windows\System32\gdi32full.dll
0x00007fffd11c0000 - 0x00007fffd1465000 	C:\Windows\WinSxS\amd64_microsoft.windows.common-controls_6595b64144ccf1df_6.0.22000.120_none_9d947278b86cc467\COMCTL32.dll
0x00007fffe6e30000 - 0x00007fffe6ecd000 	C:\Windows\System32\msvcp_win.dll
0x00007fffdfb90000 - 0x00007fffdfb9a000 	C:\Windows\SYSTEM32\VERSION.dll
0x00007fffe9290000 - 0x00007fffe92c1000 	C:\Windows\System32\IMM32.DLL
0x00007fffca220000 - 0x00007fffca22c000 	C:\Java\jdk-17.0.2\bin\vcruntime140_1.dll
0x00007fff7c530000 - 0x00007fff7c5bd000 	C:\Java\jdk-17.0.2\bin\msvcp140.dll
0x00007fff4baf0000 - 0x00007fff4c6b1000 	C:\Java\jdk-17.0.2\bin\server\jvm.dll
0x00007fffe91a0000 - 0x00007fffe91a8000 	C:\Windows\System32\PSAPI.DLL
0x00007fffca210000 - 0x00007fffca219000 	C:\Windows\SYSTEM32\WSOCK32.dll
0x00007fffe0980000 - 0x00007fffe09b3000 	C:\Windows\SYSTEM32\WINMM.dll
0x00007fffe96d0000 - 0x00007fffe973f000 	C:\Windows\System32\WS2_32.dll
0x00007fffe5f30000 - 0x00007fffe5f48000 	C:\Windows\SYSTEM32\kernel.appcore.dll
0x00007fffca200000 - 0x00007fffca20a000 	C:\Java\jdk-17.0.2\bin\jimage.dll
0x00007fffe4a60000 - 0x00007fffe4c81000 	C:\Windows\SYSTEM32\DBGHELP.DLL
0x00007fffceb20000 - 0x00007fffceb51000 	C:\Windows\SYSTEM32\dbgcore.DLL
0x00007fffe7760000 - 0x00007fffe77df000 	C:\Windows\System32\bcryptPrimitives.dll
0x00007fffb91b0000 - 0x00007fffb91d5000 	C:\Java\jdk-17.0.2\bin\java.dll
0x00007fff7c450000 - 0x00007fff7c526000 	C:\Java\jdk-17.0.2\bin\jsvml.dll
0x00007fffe89f0000 - 0x00007fffe919e000 	C:\Windows\System32\SHELL32.dll
0x00007fffe4fa0000 - 0x00007fffe5807000 	C:\Windows\SYSTEM32\windows.storage.dll
0x00007fffe7860000 - 0x00007fffe7bd8000 	C:\Windows\System32\combase.dll
0x00007fffe4e30000 - 0x00007fffe4f96000 	C:\Windows\SYSTEM32\wintypes.dll
0x00007fffe7e90000 - 0x00007fffe7f7a000 	C:\Windows\System32\SHCORE.dll
0x00007fffe77e0000 - 0x00007fffe783d000 	C:\Windows\System32\shlwapi.dll
0x00007fffe6d60000 - 0x00007fffe6d81000 	C:\Windows\SYSTEM32\profapi.dll
0x00007fffbe610000 - 0x00007fffbe629000 	C:\Java\jdk-17.0.2\bin\net.dll
0x00007fffe1790000 - 0x00007fffe189c000 	C:\Windows\SYSTEM32\WINHTTP.dll
0x00007fffe6360000 - 0x00007fffe63c7000 	C:\Windows\system32\mswsock.dll
0x00007fffbdab0000 - 0x00007fffbdac6000 	C:\Java\jdk-17.0.2\bin\nio.dll

dbghelp: loaded successfully - version: 4.0.5 - missing functions: none
symbol engine: initialized successfully - sym options: 0x614 - pdb path: .;C:\Java\jdk-17.0.2\bin;C:\Windows\SYSTEM32;C:\Windows\WinSxS\amd64_microsoft.windows.common-controls_6595b64144ccf1df_6.0.22000.120_none_9d947278b86cc467;C:\Java\jdk-17.0.2\bin\server

VM Arguments:
jvm_args: --add-modules=ALL-DEFAULT 
java_command: jdk.compiler/com.sun.tools.javac.launcher.Main .\Main.java
java_class_path (initial): .
Launcher Type: SUN_STANDARD

[Global flags]
     intx CICompilerCount                          = 2                                         {product} {ergonomic}
     uint ConcGCThreads                            = 1                                         {product} {ergonomic}
     uint G1ConcRefinementThreads                  = 2                                         {product} {ergonomic}
   size_t G1HeapRegionSize                         = 1048576                                   {product} {ergonomic}
    uintx GCDrainStackTargetSize                   = 64                                        {product} {ergonomic}
   size_t InitialHeapSize                          = 65011712                                  {product} {ergonomic}
   size_t MarkStackSize                            = 4194304                                   {product} {ergonomic}
   size_t MaxHeapSize                              = 1015021568                                {product} {ergonomic}
   size_t MaxNewSize                               = 608174080                                 {product} {ergonomic}
   size_t MinHeapDeltaBytes                        = 1048576                                   {product} {ergonomic}
   size_t MinHeapSize                              = 8388608                                   {product} {ergonomic}
    uintx NonNMethodCodeHeapSize                   = 5826188                                {pd product} {ergonomic}
    uintx NonProfiledCodeHeapSize                  = 122916026                              {pd product} {ergonomic}
    uintx ProfiledCodeHeapSize                     = 122916026                              {pd product} {ergonomic}
    uintx ReservedCodeCacheSize                    = 251658240                              {pd product} {ergonomic}
     bool SegmentedCodeCache                       = true                                      {product} {ergonomic}
   size_t SoftMaxHeapSize                          = 1015021568                             {manageable} {ergonomic}
     bool UseCompressedClassPointers               = true                           {product lp64_product} {ergonomic}
     bool UseCompressedOops                        = true                           {product lp64_product} {ergonomic}
     bool UseG1GC                                  = true                                      {product} {ergonomic}
     bool UseLargePagesIndividualAllocation        = false                                  {pd product} {ergonomic}

Logging:
Log output configuration:
 #0: stdout all=warning uptime,level,tags
 #1: stderr all=off uptime,level,tags

Environment Variables:
PATH=C:\Program Files\Common Files\Oracle\Java\javapath;C:\Windows\system32;C:\Windows;C:\Windows\System32\Wbem;C:\Windows\System32\WindowsPowerShell\v1.0\;C:\Windows\System32\OpenSSH\;C:\Program Files\Microsoft SQL Server\150\Tools\Binn\;C:\Program Files\dotnet\;C:\Dart\dart-sdk\bin;C:\erl-24.2.1\bin;C:\Elixir\bin;C:\Users\stefa\.mix\escripts;C:\Go\bin;C:\HashiCorp\Vagrant\bin;C:\Program Files\Git\cmd;C:\Program Files (x86)\sbt\bin;C:\Users\stefa\.cargo\bin;C:\Ruby27-x64\bin;C:\Users\stefa\AppData\Local\Microsoft\WindowsApps;C:\Users\stefa\.dotnet\tools;C:\Users\stefa\AppData\Local\Programs\Julia-1.7.1\bin;C:\Users\stefa\go\bin;C:\ghcup\bin;C:\Users\stefa\AppData\Local\Programs\Microsoft VS Code\bin
USERNAME=stefa
OS=Windows_NT
PROCESSOR_IDENTIFIER=Intel64 Family 6 Model 156 Stepping 0, GenuineIntel



---------------  S Y S T E M  ---------------

OS:
 Windows 11 , 64 bit Build 22000 (10.0.22000.434)
OS uptime: 0 days 14:51 hours

CPU: total 2 (initial active 2) (2 cores per cpu, 1 threads per core) family 6 model 156 stepping 0 microcode 0x1d, cx8, cmov, fxsr, mmx, 3dnowpref, sse, sse2, sse3, ssse3, sse4.1, sse4.2, popcnt, tsc, tscinvbit, aes, erms, clmul, sha, clflush, clflushopt, clwb

Memory: 4k page, system-wide physical 3871M (222M free)
TotalPageFile size 6682M (AvailPageFile size 0M)
current process WorkingSet (physical memory assigned to process): 39M, peak: 40M
current process commit charge ("private bytes"): 132M, peak: 132M

vm_info: Java HotSpot(TM) 64-Bit Server VM (17.0.2+8-LTS-86) for windows-amd64 JRE (17.0.2+8-LTS-86), built on Dec  7 2021 21:51:03 by "mach5one" with MS VC++ 16.8 / 16.9 (VS2019)

END.
